<?xml version="1.0" encoding="UTF-8"?>
<testsuite name="demo.AppTest" tests="2" skipped="0" failures="0" errors="0" timestamp="2023-06-22T01:51:06" hostname="kassandra" time="0.02">
  <properties/>
  <testcase name="validateRun()" classname="demo.AppTest" time="0.018"/>
  <testcase name="validateTel()" classname="demo.AppTest" time="0.001"/>
  <system-out><![CDATA[]]></system-out>
  <system-err><![CDATA[]]></system-err>
</testsuite>
